<?xml version="1.0" encoding="UTF-8"?>
<!-- Generated by org.testng.reporters.JUnitReportReporter -->
<testsuite skipped="0" hostname="Manish-PC" name="com.symc.qa.testdata.LoginTest" tests="3" failures="0" timestamp="11 Oct 2018 20:59:08 GMT" time="1.414" errors="0">
  <testcase name="loginpage_titletest" time="0.026" classname="com.symc.qa.testdata.LoginTest"/>
  <testcase name="wulogoimagetest" time="0.061" classname="com.symc.qa.testdata.LoginTest"/>
  <testcase name="logintest" time="1.327" classname="com.symc.qa.testdata.LoginTest"/>
</testsuite> <!-- com.symc.qa.testdata.LoginTest -->
